This is pdfTeX, Version 3.14159265-2.6-1.40.16 (TeX Live 2015) (preloaded format=pdflatex 2015.5.24)  10 MAR 2017 13:01
entering extended mode
 restricted \write18 enabled.
 %&-line parsing enabled.
**color_flatex.tex
(./color_flatex.tex
LaTeX2e <2015/01/01>
Babel <3.9l> and hyphenation patterns for 79 languages loaded.
! Undefined control sequence.
l.5 \newcolumntype
                  {I}{!{\vrule width 1.5pt}}
The control sequence at the end of the top line
of your error message was never \def'ed. If you have
misspelled it (e.g., `\hobx'), type `I' and the correct
spelling (e.g., `I\hbox'). Otherwise just continue,
and I'll forget about whatever was undefined.


! LaTeX Error: Missing \begin{document}.

See the LaTeX manual or LaTeX Companion for explanation.
Type  H <return>  for immediate help.
 ...                                              
                                                  
l.5 \newcolumntype{I
                    }{!{\vrule width 1.5pt}}
You're in trouble here.  Try typing  <return>  to proceed.
If that doesn't work, type  X <return>  to quit.

Missing character: There is no I in font nullfont!
Missing character: There is no ! in font nullfont!
\savedwidth=\skip41

Overfull \hbox (21.5pt too wide) in paragraph at lines 5--11
[]|
 []

\c@WSStep=\count79
)
! Emergency stop.
<*> color_flatex.tex
                    
*** (job aborted, no legal \end found)

 
Here is how much of TeX's memory you used:
 103 strings out of 493089
 1644 string characters out of 6134842
 55156 words of memory out of 5000000
 3688 multiletter control sequences out of 15000+600000
 3640 words of font info for 14 fonts, out of 8000000 for 9000
 1141 hyphenation exceptions out of 8191
 9i,0n,14p,101b,16s stack positions out of 5000i,500n,10000p,200000b,80000s
!  ==> Fatal error occurred, no output PDF file produced!
